*** Life<ConwayCell> 10x10 ***

Generation = 0, Population = 6.
..........
.**.......
.*........
...**.....
....*.....
..........
..........
..........
..........
..........

Generation = 1, Population = 8.
..........
.**.......
.*.*......
...**.....
...**.....
..........
..........
..........
..........
..........

Generation = 2, Population = 7.
..........
.**.......
.*.**.....
..........
...**.....
..........
..........
..........
..........
..........

Generation = 3, Population = 6.
..........
.***......
.*.*......
..*.......
..........
..........
..........
..........
..........
..........

Generation = 4, Population = 6.
..*.......
.*.*......
.*.*......
..*.......
..........
..........
..........
..........
..........
..........

Generation = 5, Population = 6.
..*.......
.*.*......
.*.*......
..*.......
..........
..........
..........
..........
..........
..........

*** Life<ConwayCell> 15x15 ***

Generation = 0, Population = 10.
...............
...............
...............
...............
...............
.....***.......
......**.......
...............
.......*.*.....
.......***.....
...............
...............
...............
...............
...............

Generation = 1, Population = 13.
...............
...............
...............
...............
......*........
.....*.*.......
.....*.*.......
......***......
.......*.*.....
.......*.*.....
........*......
...............
...............
...............
...............

Generation = 2, Population = 8.
...............
...............
...............
...............
......*........
.....*.*.......
.....*.........
...............
.........*.....
.......*.*.....
........*......
...............
...............
...............
...............

Generation = 3, Population = 6.
...............
...............
...............
...............
......*........
.....*.........
......*........
...............
........*......
.........*.....
........*......
...............
...............
...............
...............

Generation = 4, Population = 4.
...............
...............
...............
...............
...............
.....**........
...............
...............
...............
........**.....
...............
...............
...............
...............
...............

Generation = 5, Population = 0.
...............
...............
...............
...............
...............
...............
...............
...............
...............
...............
...............
...............
...............
...............
...............

*** Life<ConwayCell> 20x20 ***

Generation = 0, Population = 37.
....................
.**.................
..**................
...**...............
....**..............
.....**.............
......**............
.......**...........
........**..........
.........**.........
..........**........
...........**.......
............**......
.............**.....
..............**....
...............**...
................**..
.................**.
..................**
...................*

Generation = 1, Population = 39.
....................
.***................
.*..*...............
..*..*..............
...*..*.............
....*..*............
.....*..*...........
......*..*..........
.......*..*.........
........*..*........
.........*..*.......
..........*..*......
...........*..*.....
............*..*....
.............*..*...
..............*..*..
...............*..*.
................*..*
.................*.*
..................**

Generation = 2, Population = 69.
..*.................
.***................
.*..*...............
..****..............
...****.............
....****............
.....****...........
......****..........
.......****.........
........****........
.........****.......
..........****......
...........****.....
............****....
.............****...
..............****..
...............****.
................**.*
.................*.*
..................**

Generation = 3, Population = 41.
.***................
.*.*................
.*...*..............
..*...*.............
..*....*............
...*....*...........
....*....*..........
.....*....*.........
......*....*........
.......*....*.......
........*....*......
.........*....*.....
..........*....*....
...........*....*...
............*....*..
.............*....*.
..............*.....
...............*...*
................**.*
..................**

Generation = 4, Population = 44.
.*.*................
**.**...............
.*..................
.**...*.............
..**...*............
...*....*...........
....*....*..........
.....*....*.........
......*....*........
.......*....*.......
........*....*......
.........*....*.....
..........*....*....
...........*....*...
............*....*..
.............*......
..............*.....
...............**.*.
................**.*
.................***

Generation = 5, Population = 46.
**.**...............
**.**...............
...*................
.*.*................
.*.*...*............
..***...*...........
....*....*..........
.....*....*.........
......*....*........
.......*....*.......
........*....*......
.........*....*.....
..........*....*....
...........*....*...
............*.......
.............*......
..............**....
...............**.*.
...............*...*
................**.*

Generation = 6, Population = 42.
**.**...............
**..................
**.*................
...**...............
.*..................
..*.*...*...........
....**...*..........
.....*....*.........
......*....*........
.......*....*.......
........*....*......
.........*....*.....
..........*....*....
...........*........
............*.......
.............**.....
..............***...
................*...
...............*...*
................*.*.

Generation = 7, Population = 48.
***.................
...**...............
**.**...............
**.**...............
..*.*...............
...***..............
...***...*..........
....***...*.........
......*....*........
.......*....*.......
........*....*......
.........*....*.....
..........*.........
...........*........
............**......
.............**.....
.............**.*...
..............*.*...
...............***..
....................

Generation = 8, Population = 36.
.***................
....*...............
**...*..............
*....*..............
.**.................
..*.................
....................
...*..*...*.........
......**...*........
.......*....*.......
........*....*......
.........*..........
..........*.........
...........**.......
............***.....
...............*....
....................
.............**.....
...............***..
................*...

Generation = 9, Population = 47.
..**................
*..**...............
**..**..............
*.*.................
.**.................
.**.................
....................
......**............
......**...*........
......***...*.......
........*...........
.........*..........
..........**........
...........**.......
...........****.....
.............**.....
..............*.....
..............***...
..............****..
...............***..

Generation = 10, Population = 35.
..***...............
*....*..............
*.*.**..............
*.**................
*..*................
.**.................
....................
......**............
.....*..............
......*.*...........
........**..........
.........**.........
..........***.......
....................
...........*..*.....
...............*....
....................
.............*...*..
....................
..............*..*..

Generation = 11, Population = 28.
...**...............
..*..*..............
*.*.**..............
*.*.................
*..*................
.**.................
....................
......*.............
.....*..............
.......***..........
.......**.*.........
........*...........
.........***........
..........*.*.......
....................
....................
....................
....................
....................
....................

Generation = 12, Population = 29.
...**...............
.**..*..............
..*.**..............
*.*.*...............
*..*................
.**.................
....................
....................
......***...........
......**.*..........
....................
.......**..*........
.........***........
.........**.........
....................
....................
....................
....................
....................
....................

Generation = 13, Population = 27.
..***...............
.**..*..............
..*.**..............
..*.**..............
*..*................
.**.................
....................
.......*............
......*.*...........
......*.............
......*.............
........**.*........
...........*........
.........*.*........
....................
....................
....................
....................
....................
....................

Generation = 14, Population = 26.
.****...............
.*...*..............
..*...*.............
.**..*..............
...**...............
.**.................
....................
.......*............
......*.............
.....**.............
.......*............
..........*.........
........**.**.......
..........*.........
....................
....................
....................
....................
....................
....................

Generation = 15, Population = 34.
.****...............
.*..**..............
..*..**.............
.**.**..............
...**...............
..**................
....................
....................
.....***............
.....***............
......*.............
........****........
.........*.*........
.........***........
....................
....................
....................
....................
....................
....................

Generation = 16, Population = 32.
.*****..............
.*....*.............
..*...*.............
.**...*.............
.*...*..............
..***...............
....................
......*.............
.....*.*............
....................
.....**.***.........
........**.*........
............*.......
.........*.*........
..........*.........
....................
....................
....................
....................
....................

Generation = 17, Population = 42.
.*****..............
.*..*.*.............
..*..***............
.**..**.............
.*..**..............
..***...............
...*................
......*.............
......*.............
.....*.***..........
.......**.*.........
.......**..*........
........**.**.......
..........**........
..........*.........
....................
....................
....................
....................
....................

Generation = 18, Population = 36.
.*****..............
.*.....*............
..***..*............
.***...*............
.*....*.............
..*..*..............
..***...............
....................
.....**.*...........
.........*..........
..........*.........
...........**.......
.......***..*.......
............*.......
..........**........
....................
....................
....................
....................
....................

Generation = 19, Population = 44.
.****...............
.*...**.............
....*.***...........
.*..*.**............
.*.*..*.............
.**.**..............
..***...............
...***..............
....................
.........*..........
..........**........
........*****.......
........*...**......
........***.*.......
...........*........
....................
....................
....................
....................
....................

Generation = 20, Population = 39.
.*****..............
.*....*.............
....*...*...........
..***...*...........
**.*..**............
.*...*..............
.*..................
..*..*..............
....*...............
..........*.........
........*...*.......
........*....*......
.......*.....*......
........***.**......
.........***........
....................
....................
....................
....................
....................

Generation = 21, Population = 40.
.*****..............
.*..................
..*.**.*............
.**.**..*...........
**.*.***............
.*....*.............
.**.................
....................
....................
....................
.........*..........
.......**...**......
.......*.....**.....
........*...**......
........*..**.......
..........*.........
....................
....................
....................
....................

Generation = 22, Population = 37.
.****...............
.*....*.............
..*.***.............
*.......*...........
*..*...*............
.....***............
.**.................
....................
....................
....................
........*...........
.......**...***.....
.......*......*.....
.......**..*..*.....
.........*.***......
...........*........
....................
....................
....................
....................

Generation = 23, Population = 43.
.***................
.*....*.............
.*...***............
.*.*****............
.......**...........
.**...**............
......*.............
....................
....................
....................
.......**....*......
.......**....**.....
......*.....*.**....
.......**.**..*.....
........*..*.*......
..........**........
....................
....................
....................
....................

Generation = 24, Population = 44.
.**.................
**...***............
**..................
..*.*...............
.*.**...*...........
......*.*...........
......**............
....................
....................
....................
.......**....**.....
......*.*...*..*....
......*..*.**..*....
.......*****..**....
.......**...........
..........***.......
....................
....................
....................
....................

Generation = 25, Population = 46.
***...*.............
......*.............
*.*..**.............
*.*.*...............
..****.*............
.....**.*...........
......**............
....................
....................
....................
.......**....**.....
......*.**.**..*....
......*.....**.**...
......*....**.**....
.......*....*.......
...........*........
...........*........
....................
....................
....................

*** Life<ConwayCell> 20x20 ***

Generation = 0, Population = 12.
....................
.**.................
..****..............
....................
....................
....................
......**............
.......****.........
....................
....................
....................
....................
....................
....................
....................
....................
....................
....................
....................
....................

Generation = 1, Population = 18.
....................
.**.*...............
.****...............
...**...............
....................
....................
......**.*..........
......****..........
........**..........
....................
....................
....................
....................
....................
....................
....................
....................
....................
....................
....................

Generation = 2, Population = 10.
....................
.*..*...............
.*...*..............
....*...............
....................
....................
......*..*..........
......*...*.........
.........*..........
....................
....................
....................
....................
....................
....................
....................
....................
....................
....................
....................

Generation = 3, Population = 4.
....................
....................
....**..............
....................
....................
....................
....................
.........**.........
....................
....................
....................
....................
....................
....................
....................
....................
....................
....................
....................
....................

*** Life<ConwayCell> 15x15 ***

Generation = 0, Population = 8.
...............
...............
...............
...............
...............
...............
...............
.........**....
.........**....
.........**....
.........**....
...............
...............
...............
...............

Generation = 1, Population = 8.
...............
...............
...............
...............
...............
...............
...............
.........**....
........*..*...
........*..*...
.........**....
...............
...............
...............
...............

Generation = 2, Population = 8.
...............
...............
...............
...............
...............
...............
...............
.........**....
........*..*...
........*..*...
.........**....
...............
...............
...............
...............

Generation = 3, Population = 8.
...............
...............
...............
...............
...............
...............
...............
.........**....
........*..*...
........*..*...
.........**....
...............
...............
...............
...............

Generation = 4, Population = 8.
...............
...............
...............
...............
...............
...............
...............
.........**....
........*..*...
........*..*...
.........**....
...............
...............
...............
...............

Generation = 5, Population = 8.
...............
...............
...............
...............
...............
...............
...............
.........**....
........*..*...
........*..*...
.........**....
...............
...............
...............
...............

*** Life<ConwayCell> 20x20 ***

Generation = 0, Population = 16.
....................
..........*.........
....................
..........*.........
..........*.........
..........**........
...........*........
...........*........
...........*........
...........*........
...........**.......
............*.......
.............*......
..............*.....
...............*....
................*...
....................
....................
....................
....................

Generation = 1, Population = 22.
....................
....................
....................
....................
.........**.........
..........**........
...........**.......
..........***.......
..........***.......
..........**........
...........**.......
...........***......
.............*......
..............*.....
...............*....
....................
....................
....................
....................
....................

Generation = 2, Population = 13.
....................
....................
....................
....................
.........***........
.........*..*.......
....................
.............*......
.........*..........
....................
.............*......
...........*.*......
.............**.....
..............*.....
....................
....................
....................
....................
....................
....................

Generation = 3, Population = 13.
....................
....................
....................
..........*.........
.........***........
.........*.*........
....................
....................
....................
....................
............*.......
.............*......
............***.....
.............**.....
....................
....................
....................
....................
....................
....................

Generation = 4, Population = 11.
....................
....................
....................
.........***........
.........*.*........
.........*.*........
....................
....................
....................
....................
....................
..............*.....
............*.......
............*.*.....
....................
....................
....................
....................
....................
....................

Generation = 5, Population = 8.
....................
....................
..........*.........
.........*.*........
........**.**.......
....................
....................
....................
....................
....................
....................
....................
....................
.............*......
....................
....................
....................
....................
....................
....................

Generation = 6, Population = 9.
....................
....................
..........*.........
........**.**.......
........**.**.......
....................
....................
....................
....................
....................
....................
....................
....................
....................
....................
....................
....................
....................
....................
....................

Generation = 7, Population = 9.
....................
....................
.........***........
........*...*.......
........**.**.......
....................
....................
....................
....................
....................
....................
....................
....................
....................
....................
....................
....................
....................
....................
....................

Generation = 8, Population = 10.
....................
..........*.........
.........***........
........*...*.......
........**.**.......
....................
....................
....................
....................
....................
....................
....................
....................
....................
....................
....................
....................
....................
....................
....................

Generation = 9, Population = 12.
....................
.........***........
.........***........
........*...*.......
........**.**.......
....................
....................
....................
....................
....................
....................
....................
....................
....................
....................
....................
....................
....................
....................
....................

Generation = 10, Population = 11.
..........*.........
.........*.*........
........*...*.......
........*...*.......
........**.**.......
....................
....................
....................
....................
....................
....................
....................
....................
....................
....................
....................
....................
....................
....................
....................

*** Life<ConwayCell> 15x15 ***

Generation = 0, Population = 15.
...............
.*****.........
..*****........
...*****.......
...............
...............
...............
...............
...............
...............
...............
...............
...............
...............
...............

Generation = 1, Population = 12.
..***..........
.*....*........
.*.....*.......
..*....*.......
....***........
...............
...............
...............
...............
...............
...............
...............
...............
...............
...............

Generation = 2, Population = 13.
..**...........
.*.*...........
.**...**.......
.....*.*.......
.....**........
.....*.........
...............
...............
...............
...............
...............
...............
...............
...............
...............

Generation = 3, Population = 14.
..**...........
.*.*...........
.**...**.......
.....*.*.......
....**.........
.....**........
...............
...............
...............
...............
...............
...............
...............
...............
...............

Generation = 4, Population = 15.
..**...........
.*.*...........
.**...**.......
....**.*.......
....*..........
....***........
...............
...............
...............
...............
...............
...............
...............
...............
...............

Generation = 5, Population = 19.
..**...........
.*.*...........
.*******.......
...***.*.......
...*...........
....**.........
.....*.........
...............
...............
...............
...............
...............
...............
...............
...............

Generation = 6, Population = 14.
..**...........
.*...**........
.*.....*.......
.......*.......
...*..*........
....**.........
....**.........
...............
...............
...............
...............
...............
...............
...............
...............

Generation = 7, Population = 13.
..*............
.*....*........
.......*.......
......**.......
....***........
...*..*........
....**.........
...............
...............
...............
...............
...............
...............
...............
...............

Generation = 8, Population = 7.
...............
...............
.......*.......
.......*.......
....*..........
...*..*........
....**.........
...............
...............
...............
...............
...............
...............
...............
...............

Generation = 9, Population = 3.
...............
...............
...............
...............
...............
...*...........
....**.........
...............
...............
...............
...............
...............
...............
...............
...............

Generation = 10, Population = 2.
...............
...............
...............
...............
...............
....*..........
....*..........
...............
...............
...............
...............
...............
...............
...............
...............

*** Life<ConwayCell> 20x20 ***

Generation = 0, Population = 15.
....................
....................
....................
....................
....................
....................
....................
.................**.
.................**.
..................*.
....................
..............**....
..............**....
...............*....
....................
....................
....................
..................**
..................**
...................*

Generation = 1, Population = 14.
....................
....................
....................
....................
....................
....................
....................
.................**.
...................*
.................**.
....................
..............**....
................*...
..............**....
....................
....................
....................
..................**
....................
..................**

Generation = 2, Population = 6.
....................
....................
....................
....................
....................
....................
....................
..................*.
...................*
..................*.
....................
...............*....
................*...
...............*....
....................
....................
....................
....................
....................
....................

Generation = 3, Population = 4.
....................
....................
....................
....................
....................
....................
....................
....................
..................**
....................
....................
....................
...............**...
....................
....................
....................
....................
....................
....................
....................

Generation = 4, Population = 0.
....................
....................
....................
....................
....................
....................
....................
....................
....................
....................
....................
....................
....................
....................
....................
....................
....................
....................
....................
....................

Generation = 5, Population = 0.
....................
....................
....................
....................
....................
....................
....................
....................
....................
....................
....................
....................
....................
....................
....................
....................
....................
....................
....................
....................

Generation = 6, Population = 0.
....................
....................
....................
....................
....................
....................
....................
....................
....................
....................
....................
....................
....................
....................
....................
....................
....................
....................
....................
....................

Generation = 7, Population = 0.
....................
....................
....................
....................
....................
....................
....................
....................
....................
....................
....................
....................
....................
....................
....................
....................
....................
....................
....................
....................

Generation = 8, Population = 0.
....................
....................
....................
....................
....................
....................
....................
....................
....................
....................
....................
....................
....................
....................
....................
....................
....................
....................
....................
....................

Generation = 9, Population = 0.
....................
....................
....................
....................
....................
....................
....................
....................
....................
....................
....................
....................
....................
....................
....................
....................
....................
....................
....................
....................

Generation = 10, Population = 0.
....................
....................
....................
....................
....................
....................
....................
....................
....................
....................
....................
....................
....................
....................
....................
....................
....................
....................
....................
....................

*** Life<ConwayCell> 22x22 ***

Generation = 0, Population = 29.
......................
................*.....
....*.................
.................*....
.............*......*.
........*.......*.*...
...........*...*...*..
......................
......................
............*..*...*..
......................
...*..................
................*.....
...............*......
..*...................
..*.....*.............
..........*...........
...........*....*.....
......................
......*...*.*.*.......
..........*......*....
......................

Generation = 1, Population = 5.
......................
......................
......................
......................
.................*....
...................*..
......................
......................
......................
......................
......................
......................
......................
......................
......................
......................
......................
......................
...........*..........
...........*..........
...........*..........
......................

Generation = 2, Population = 3.
......................
......................
......................
......................
......................
......................
......................
......................
......................
......................
......................
......................
......................
......................
......................
......................
......................
......................
......................
..........***.........
......................
......................

Generation = 3, Population = 3.
......................
......................
......................
......................
......................
......................
......................
......................
......................
......................
......................
......................
......................
......................
......................
......................
......................
......................
...........*..........
...........*..........
...........*..........
......................

Generation = 4, Population = 3.
......................
......................
......................
......................
......................
......................
......................
......................
......................
......................
......................
......................
......................
......................
......................
......................
......................
......................
......................
..........***.........
......................
......................

Generation = 5, Population = 3.
......................
......................
......................
......................
......................
......................
......................
......................
......................
......................
......................
......................
......................
......................
......................
......................
......................
......................
...........*..........
...........*..........
...........*..........
......................

Generation = 6, Population = 3.
......................
......................
......................
......................
......................
......................
......................
......................
......................
......................
......................
......................
......................
......................
......................
......................
......................
......................
......................
..........***.........
......................
......................

Generation = 7, Population = 3.
......................
......................
......................
......................
......................
......................
......................
......................
......................
......................
......................
......................
......................
......................
......................
......................
......................
......................
...........*..........
...........*..........
...........*..........
......................

Generation = 8, Population = 3.
......................
......................
......................
......................
......................
......................
......................
......................
......................
......................
......................
......................
......................
......................
......................
......................
......................
......................
......................
..........***.........
......................
......................

Generation = 9, Population = 3.
......................
......................
......................
......................
......................
......................
......................
......................
......................
......................
......................
......................
......................
......................
......................
......................
......................
......................
...........*..........
...........*..........
...........*..........
......................

Generation = 10, Population = 3.
......................
......................
......................
......................
......................
......................
......................
......................
......................
......................
......................
......................
......................
......................
......................
......................
......................
......................
......................
..........***.........
......................
......................

Generation = 11, Population = 3.
......................
......................
......................
......................
......................
......................
......................
......................
......................
......................
......................
......................
......................
......................
......................
......................
......................
......................
...........*..........
...........*..........
...........*..........
......................

Generation = 12, Population = 3.
......................
......................
......................
......................
......................
......................
......................
......................
......................
......................
......................
......................
......................
......................
......................
......................
......................
......................
......................
..........***.........
......................
......................

Generation = 13, Population = 3.
......................
......................
......................
......................
......................
......................
......................
......................
......................
......................
......................
......................
......................
......................
......................
......................
......................
......................
...........*..........
...........*..........
...........*..........
......................

Generation = 14, Population = 3.
......................
......................
......................
......................
......................
......................
......................
......................
......................
......................
......................
......................
......................
......................
......................
......................
......................
......................
......................
..........***.........
......................
......................

Generation = 15, Population = 3.
......................
......................
......................
......................
......................
......................
......................
......................
......................
......................
......................
......................
......................
......................
......................
......................
......................
......................
...........*..........
...........*..........
...........*..........
......................

*** Life<ConwayCell> 20x20 ***

Generation = 0, Population = 54.
....................
..*.................
.*.*......*.........
..........*.*......*
..**............*...
......*.......*.....
.......*.....*..**..
...............*....
..*..*.......*......
........*...........
......***....*....*.
.*..**........*.....
....................
..*.....*.*.*......*
..*.*...........*.*.
......*.*.........*.
..*............*....
..*.**...*..*...*...
.....*.......*...*..
.*..................

Generation = 1, Population = 39.
....................
..*.................
..*........*........
...*.......*........
....................
...............***..
..............***...
..............*.*...
....................
......*.*...........
.....****...........
.....***............
....................
...*................
...*...*.*.......***
...*.............*..
...*.*..............
...***..........*...
....**..............
....................

Generation = 2, Population = 31.
....................
....................
..**................
....................
................*...
..............*..*..
..............*.....
..............*.*...
....................
.....**.*...........
........*...........
.....*..*...........
......*.............
..................*.
..***............**.
..**.............*..
..**.*..............
...*..*.............
...*.*..............
....................

Generation = 3, Population = 24.
....................
....................
....................
....................
....................
...............*....
.............**.....
...............*....
....................
.......*............
.....**.**..........
.......*............
....................
...*.............**.
..*.*............**.
.*...............**.
....................
...*.**.............
....*...............
....................

Generation = 4, Population = 25.
....................
....................
....................
....................
....................
..............*.....
..............**....
..............*.....
....................
......***...........
......*.*...........
......***...........
....................
...*.............**.
..**............*..*
.................**.
....................
....**..............
....**..............
....................

Generation = 5, Population = 29.
....................
....................
....................
....................
....................
..............**....
.............***....
..............**....
.......*............
......*.*...........
.....*...*..........
......*.*...........
.......*............
..**.............**.
..**............*..*
.................**.
....................
....**..............
....**..............
....................

Generation = 6, Population = 32.
....................
....................
....................
....................
....................
.............*.*....
.............*..*...
.............*.*....
.......*............
......***...........
.....**.**..........
......***...........
.......*............
..**.............**.
..**............*..*
.................**.
....................
....**..............
....**..............
....................

Generation = 7, Population = 32.
....................
....................
....................
....................
....................
..............*.....
............**.**...
..............*.....
......***...........
.....*...*..........
.....*...*..........
.....*...*..........
......***...........
..**.............**.
..**............*..*
.................**.
....................
....**..............
....**..............
....................

Generation = 8, Population = 42.
....................
....................
....................
....................
....................
.............***....
.............*.*....
.......*.....***....
......***...........
.....*.*.*..........
....***.***.........
.....*.*.*..........
......***...........
..**...*.........**.
..**............*..*
.................**.
....................
....**..............
....**..............
....................

Generation = 9, Population = 34.
....................
....................
....................
....................
..............*.....
.............*.*....
............*...*...
......***....*.*....
..............*.....
....*.....*.........
....*.....*.........
....*.....*.........
....................
..**..***........**.
..**............*..*
.................**.
....................
....**..............
....**..............
....................

Generation = 10, Population = 39.
....................
....................
....................
....................
..............*.....
.............***....
.......*....**.**...
.......*.....***....
.......*......*.....
....................
...***...***........
....................
...*...*............
..**...*.........**.
..**...*........*..*
.................**.
....................
....**..............
....**..............
....................
